2025-05-24 17:37:21.053 [info] [main] Log level: Info
2025-05-24 17:37:21.057 [info] [main] Validating found git in: "/usr/bin/git"
2025-05-24 17:37:21.074 [info] [main] Using git "2.39.5 (Apple Git-154)" from "/usr/bin/git"
2025-05-24 17:37:21.074 [info] [Model][doInitialScan] Initial repository scan started
2025-05-24 17:37:21.083 [info] > git rev-parse --show-toplevel [8ms]
2025-05-24 17:37:21.090 [info] > git rev-parse --git-dir --git-common-dir [7ms]
2025-05-24 17:37:21.093 [info] [Model][openRepository] Opened repository (path): /Users/tahjholden/Documents/GitHub/mp-basketball
2025-05-24 17:37:21.093 [info] [Model][openRepository] Opened repository (real path): /Users/tahjholden/Documents/GitHub/mp-basketball
2025-05-24 17:37:21.103 [info] > git rev-parse --show-toplevel [8ms]
2025-05-24 17:37:21.109 [info] > git rev-parse --show-toplevel [6ms]
2025-05-24 17:37:21.116 [info] > git rev-parse --show-toplevel [6ms]
2025-05-24 17:37:21.123 [info] > git rev-parse --show-toplevel [6ms]
2025-05-24 17:37:21.129 [info] > git rev-parse --show-toplevel [6ms]
2025-05-24 17:37:21.135 [info] > git rev-parse --show-toplevel [6ms]
2025-05-24 17:37:21.136 [info] > git for-each-ref --format=%(refname)%00%(upstream:short)%00%(objectname)%00%(upstream:track)%00%(upstream:remotename)%00%(upstream:remoteref) --ignore-case refs/heads/main refs/remotes/main [40ms]
2025-05-24 17:37:21.142 [info] > git rev-parse --show-toplevel [7ms]
2025-05-24 17:37:21.157 [info] > git rev-parse --show-toplevel [15ms]
2025-05-24 17:37:21.157 [info] > git for-each-ref --sort -committerdate --format %(refname)%00%(objectname)%00%(*objectname) [20ms]
2025-05-24 17:37:21.165 [info] > git status -z -uall [28ms]
2025-05-24 17:37:21.181 [info] > git rev-parse --show-toplevel [22ms]
2025-05-24 17:37:21.189 [info] > git for-each-ref --format=%(refname)%00%(upstream:short)%00%(objectname)%00%(upstream:track)%00%(upstream:remotename)%00%(upstream:remoteref) --ignore-case refs/heads/main refs/remotes/main [16ms]
2025-05-24 17:37:21.195 [info] > git rev-parse --show-toplevel [13ms]
2025-05-24 17:37:21.195 [info] [Model][doInitialScan] Initial repository scan completed - repositories (1), closed repositories (0), parent repositories (0), unsafe repositories (0)
2025-05-24 17:37:21.198 [info] > git config --get --local branch.main.vscode-merge-base [8ms]
2025-05-24 17:37:21.205 [info] > git for-each-ref --format=%(refname)%00%(upstream:short)%00%(objectname)%00%(upstream:track)%00%(upstream:remotename)%00%(upstream:remoteref) --ignore-case refs/heads/origin/main refs/remotes/origin/main [7ms]
2025-05-24 17:37:21.209 [info] > git for-each-ref --format=%(refname)%00%(upstream:short)%00%(objectname)%00%(upstream:track)%00%(upstream:remotename)%00%(upstream:remoteref) --ignore-case refs/heads/main refs/remotes/main [12ms]
2025-05-24 17:37:21.218 [info] > git merge-base refs/heads/main refs/remotes/origin/main [12ms]
2025-05-24 17:37:21.220 [info] > git for-each-ref --sort -committerdate --format %(refname)%00%(objectname)%00%(*objectname) [10ms]
2025-05-24 17:37:21.222 [info] > git status -z -uall [12ms]
2025-05-24 17:37:21.234 [info] > git merge-base refs/heads/main refs/remotes/origin/main [11ms]
2025-05-24 17:37:21.235 [info] > git diff --name-status -z --diff-filter=ADMR 0373bdd7fb9b698c526b6ec1ebd1f40216f76675...refs/remotes/origin/main [16ms]
2025-05-24 17:37:21.250 [info] > git diff --name-status -z --diff-filter=ADMR 0373bdd7fb9b698c526b6ec1ebd1f40216f76675...refs/remotes/origin/main [15ms]
2025-05-24 17:37:21.403 [info] > git diff --name-status -z --diff-filter=ADMR 1f71f542737fbb4dba015d45d24bfecb0e8d5fb7 [22ms]
2025-05-24 17:37:21.641 [info] > git check-ignore -v -z --stdin [43ms]
2025-05-24 17:37:21.939 [info] > git for-each-ref --format=%(refname)%00%(upstream:short)%00%(objectname)%00%(upstream:track)%00%(upstream:remotename)%00%(upstream:remoteref) --ignore-case refs/heads/main refs/remotes/main [225ms]
2025-05-24 17:37:22.083 [info] > git status -z -uall [76ms]
2025-05-24 17:37:22.084 [info] > git for-each-ref --sort -committerdate --format %(refname)%00%(objectname)%00%(*objectname) [76ms]
2025-05-24 17:37:22.578 [info] > git for-each-ref --format=%(refname)%00%(upstream:short)%00%(objectname)%00%(upstream:track)%00%(upstream:remotename)%00%(upstream:remoteref) --ignore-case refs/heads/main refs/remotes/main [72ms]
2025-05-24 17:37:22.588 [info] > git for-each-ref --sort -committerdate --format %(refname)%00%(objectname)%00%(*objectname) [9ms]
2025-05-24 17:37:22.590 [info] > git status -z -uall [11ms]
2025-05-24 17:37:24.755 [info] > git check-ignore -v -z --stdin [12ms]
2025-05-24 17:37:27.570 [info] > git check-ignore -v -z --stdin [19ms]
2025-05-24 17:37:28.075 [info] > git check-ignore -v -z --stdin [19ms]
2025-05-24 17:37:29.006 [info] > git log --format=%H%n%aN%n%aE%n%at%n%ct%n%P%n%D%n%B -z --shortstat --diff-merges=first-parent -n50 --skip=0 --topo-order --decorate=full --stdin [370ms]
2025-05-24 17:37:29.212 [info] > git check-ignore -v -z --stdin [16ms]
2025-05-24 17:37:46.018 [info] > git show -s --decorate=full --shortstat --format=%H%n%aN%n%aE%n%at%n%ct%n%P%n%D%n%B -z HEAD -- [46ms]
2025-05-24 17:37:46.019 [info] > git show -s --decorate=full --shortstat --format=%H%n%aN%n%aE%n%at%n%ct%n%P%n%D%n%B -z MERGE_HEAD -- [46ms]
2025-05-24 17:37:46.033 [info] > git diff --name-status -z --diff-filter=ADMR MERGE_HEAD...HEAD [59ms]
2025-05-24 17:37:46.079 [info] > git show --textconv 1f71f542737fbb4dba015d45d24bfecb0e8d5fb7:package-lock.json [25ms]
2025-05-24 17:37:46.079 [info] > git ls-tree -l 1f71f542737fbb4dba015d45d24bfecb0e8d5fb7 -- package-lock.json [23ms]
2025-05-24 17:37:46.079 [info] > git show --textconv :1:package-lock.json [25ms]
2025-05-24 17:37:46.080 [info] > git ls-files --stage -- package-lock.json [25ms]
2025-05-24 17:37:46.083 [info] > git ls-tree -l 8c424fff96545e8b23b19f295ff74f2ab9e0709e -- package-lock.json [26ms]
2025-05-24 17:37:46.084 [info] > git show --textconv 8c424fff96545e8b23b19f295ff74f2ab9e0709e:package-lock.json [29ms]
2025-05-24 17:37:46.093 [info] > git hash-object -t tree /dev/null [12ms]
2025-05-24 17:37:46.093 [warning] [GitFileSystemProvider][readFile] File not found - git:/Users/tahjholden/Documents/GitHub/mp-basketball/package-lock.json?%7B%22path%22%3A%22%2FUsers%2Ftahjholden%2FDocuments%2FGitHub%2Fmp-basketball%2Fpackage-lock.json%22%2C%22ref%22%3A%22%3A1%22%7D
2025-05-24 17:37:46.098 [info] > git cat-file -s 5b461e7903a0bec3b827b041a35e9037bf911b2b [17ms]
2025-05-24 17:39:21.459 [info] > git diff --name-status -z --diff-filter=ADMR 1f71f542737fbb4dba015d45d24bfecb0e8d5fb7 [52ms]
2025-05-24 17:40:00.730 [info] > git ls-tree -l 8c424fff96545e8b23b19f295ff74f2ab9e0709e -- package-lock.json [32ms]
2025-05-24 17:40:00.730 [info] > git ls-tree -l 1f71f542737fbb4dba015d45d24bfecb0e8d5fb7 -- package-lock.json [34ms]
2025-05-24 17:40:02.993 [info] > git blame --root --incremental 1f71f542737fbb4dba015d45d24bfecb0e8d5fb7 -- package-lock.json [45ms]
2025-05-24 17:40:25.531 [info] > git ls-tree -l 8c424fff96545e8b23b19f295ff74f2ab9e0709e -- package-lock.json [36ms]
2025-05-24 17:40:25.531 [info] > git ls-tree -l 1f71f542737fbb4dba015d45d24bfecb0e8d5fb7 -- package-lock.json [40ms]
2025-05-24 17:40:27.678 [info] > git blame --root --incremental 8c424fff96545e8b23b19f295ff74f2ab9e0709e -- package-lock.json [22ms]
2025-05-24 17:40:59.796 [info] > git ls-tree -l 1f71f542737fbb4dba015d45d24bfecb0e8d5fb7 -- package-lock.json [44ms]
2025-05-24 17:40:59.796 [info] > git ls-tree -l 8c424fff96545e8b23b19f295ff74f2ab9e0709e -- package-lock.json [43ms]
2025-05-24 17:41:21.445 [info] > git diff --name-status -z --diff-filter=ADMR 1f71f542737fbb4dba015d45d24bfecb0e8d5fb7 [42ms]
2025-05-24 17:41:42.241 [info] > git ls-tree -l 1f71f542737fbb4dba015d45d24bfecb0e8d5fb7 -- package-lock.json [45ms]
2025-05-24 17:41:42.242 [info] > git ls-tree -l 8c424fff96545e8b23b19f295ff74f2ab9e0709e -- package-lock.json [43ms]
2025-05-24 17:43:18.986 [info] > git ls-tree -l 1f71f542737fbb4dba015d45d24bfecb0e8d5fb7 -- package-lock.json [61ms]
2025-05-24 17:43:18.988 [info] > git ls-tree -l 8c424fff96545e8b23b19f295ff74f2ab9e0709e -- package-lock.json [58ms]
2025-05-24 17:43:21.427 [info] > git diff --name-status -z --diff-filter=ADMR 1f71f542737fbb4dba015d45d24bfecb0e8d5fb7 [33ms]
2025-05-24 17:45:21.487 [info] > git diff --name-status -z --diff-filter=ADMR 1f71f542737fbb4dba015d45d24bfecb0e8d5fb7 [84ms]
2025-05-24 17:47:21.446 [info] > git diff --name-status -z --diff-filter=ADMR 1f71f542737fbb4dba015d45d24bfecb0e8d5fb7 [47ms]
2025-05-24 17:49:21.508 [info] > git diff --name-status -z --diff-filter=ADMR 1f71f542737fbb4dba015d45d24bfecb0e8d5fb7 [98ms]
2025-05-24 17:49:30.950 [info] > git ls-tree -l 1f71f542737fbb4dba015d45d24bfecb0e8d5fb7 -- package-lock.json [83ms]
2025-05-24 17:49:30.951 [info] > git ls-tree -l 8c424fff96545e8b23b19f295ff74f2ab9e0709e -- package-lock.json [83ms]
2025-05-24 17:50:15.390 [info] > git ls-tree -l 1f71f542737fbb4dba015d45d24bfecb0e8d5fb7 -- package-lock.json [60ms]
2025-05-24 17:50:15.390 [info] > git ls-tree -l 8c424fff96545e8b23b19f295ff74f2ab9e0709e -- package-lock.json [58ms]
2025-05-24 17:50:35.192 [info] > git -c user.useConfigOnly=true commit --quiet --allow-empty-message --file - [47ms]
2025-05-24 17:50:35.192 [info] error: Committing is not possible because you have unmerged files.
hint: Fix them up in the work tree, and then use 'git add/rm <file>'
hint: as appropriate to mark resolution and make a commit.
fatal: Exiting because of an unresolved conflict.
2025-05-24 17:50:35.255 [info] > git for-each-ref --format=%(refname)%00%(upstream:short)%00%(objectname)%00%(upstream:track)%00%(upstream:remotename)%00%(upstream:remoteref) --ignore-case refs/heads/main refs/remotes/main [59ms]
2025-05-24 17:50:35.266 [info] > git for-each-ref --sort -committerdate --format %(refname)%00%(objectname)%00%(*objectname) [10ms]
2025-05-24 17:50:35.273 [info] > git status -z -uall [17ms]
2025-05-24 17:51:21.458 [info] > git diff --name-status -z --diff-filter=ADMR 1f71f542737fbb4dba015d45d24bfecb0e8d5fb7 [53ms]
2025-05-24 17:51:42.077 [info] > git for-each-ref --format=%(refname)%00%(upstream:short)%00%(objectname)%00%(upstream:track)%00%(upstream:remotename)%00%(upstream:remoteref) --ignore-case refs/heads/main refs/remotes/main [67ms]
2025-05-24 17:51:42.091 [info] > git for-each-ref --sort -committerdate --format %(refname)%00%(objectname)%00%(*objectname) [12ms]
2025-05-24 17:51:42.097 [info] > git status -z -uall [18ms]
2025-05-24 17:51:47.324 [info] > git for-each-ref --format=%(refname)%00%(upstream:short)%00%(objectname)%00%(upstream:track)%00%(upstream:remotename)%00%(upstream:remoteref) --ignore-case refs/heads/main refs/remotes/main [33ms]
2025-05-24 17:51:47.338 [info] > git for-each-ref --sort -committerdate --format %(refname)%00%(objectname)%00%(*objectname) [12ms]
2025-05-24 17:51:47.340 [info] > git status -z -uall [15ms]
2025-05-24 17:52:31.073 [info] > git ls-tree -l 1f71f542737fbb4dba015d45d24bfecb0e8d5fb7 -- package-lock.json [38ms]
2025-05-24 17:52:31.073 [info] > git ls-tree -l 8c424fff96545e8b23b19f295ff74f2ab9e0709e -- package-lock.json [37ms]
2025-05-24 17:53:02.368 [info] > git ls-tree -l 1f71f542737fbb4dba015d45d24bfecb0e8d5fb7 -- package-lock.json [40ms]
2025-05-24 17:53:02.368 [info] > git ls-tree -l 8c424fff96545e8b23b19f295ff74f2ab9e0709e -- package-lock.json [34ms]
2025-05-24 17:53:20.210 [info] > git ls-tree -l 1f71f542737fbb4dba015d45d24bfecb0e8d5fb7 -- package-lock.json [48ms]
2025-05-24 17:53:20.211 [info] > git ls-tree -l 8c424fff96545e8b23b19f295ff74f2ab9e0709e -- package-lock.json [48ms]
2025-05-24 17:53:21.450 [info] > git diff --name-status -z --diff-filter=ADMR 1f71f542737fbb4dba015d45d24bfecb0e8d5fb7 [38ms]
2025-05-24 17:54:02.822 [info] > git ls-tree -l 1f71f542737fbb4dba015d45d24bfecb0e8d5fb7 -- package-lock.json [36ms]
2025-05-24 17:54:02.822 [info] > git ls-tree -l 8c424fff96545e8b23b19f295ff74f2ab9e0709e -- package-lock.json [36ms]
2025-05-24 17:54:08.725 [info] > git ls-tree -l 8c424fff96545e8b23b19f295ff74f2ab9e0709e -- package-lock.json [17ms]
2025-05-24 17:54:08.726 [info] > git ls-tree -l 1f71f542737fbb4dba015d45d24bfecb0e8d5fb7 -- package-lock.json [19ms]
2025-05-24 17:54:48.230 [info] > git show -s --decorate=full --shortstat --format=%H%n%aN%n%aE%n%at%n%ct%n%P%n%D%n%B -z HEAD -- [40ms]
2025-05-24 17:54:48.232 [info] > git show -s --decorate=full --shortstat --format=%H%n%aN%n%aE%n%at%n%ct%n%P%n%D%n%B -z MERGE_HEAD -- [41ms]
2025-05-24 17:54:48.249 [info] > git diff --name-status -z --diff-filter=ADMR MERGE_HEAD...HEAD [57ms]
2025-05-24 17:54:48.304 [info] > git ls-tree -l 1f71f542737fbb4dba015d45d24bfecb0e8d5fb7 -- package.json [40ms]
2025-05-24 17:54:48.304 [info] > git show --textconv 8c424fff96545e8b23b19f295ff74f2ab9e0709e:package.json [40ms]
2025-05-24 17:54:48.305 [info] > git show --textconv :1:package.json [42ms]
2025-05-24 17:54:48.305 [warning] [GitFileSystemProvider][readFile] File not found - git:/Users/tahjholden/Documents/GitHub/mp-basketball/package.json?%7B%22path%22%3A%22%2FUsers%2Ftahjholden%2FDocuments%2FGitHub%2Fmp-basketball%2Fpackage.json%22%2C%22ref%22%3A%22%3A1%22%7D
2025-05-24 17:54:48.305 [info] > git ls-files --stage -- package.json [41ms]
2025-05-24 17:54:48.306 [info] > git show --textconv 1f71f542737fbb4dba015d45d24bfecb0e8d5fb7:package.json [43ms]
2025-05-24 17:54:48.306 [info] > git ls-tree -l 8c424fff96545e8b23b19f295ff74f2ab9e0709e -- package.json [41ms]
2025-05-24 17:54:48.315 [info] > git cat-file -s a32285c753f7040a7f825b76628fd855ae88055a [9ms]
2025-05-24 17:54:59.485 [info] > git check-ignore -v -z --stdin [24ms]
2025-05-24 17:55:09.546 [info] > git ls-tree -l 8c424fff96545e8b23b19f295ff74f2ab9e0709e -- package-lock.json [15ms]
2025-05-24 17:55:10.085 [info] > git check-ignore -v -z --stdin [18ms]
2025-05-24 17:55:21.447 [info] > git diff --name-status -z --diff-filter=ADMR 1f71f542737fbb4dba015d45d24bfecb0e8d5fb7 [35ms]
2025-05-24 17:55:57.541 [info] > git ls-tree -l 1f71f542737fbb4dba015d45d24bfecb0e8d5fb7 -- package-lock.json [26ms]
2025-05-24 17:55:57.542 [info] > git ls-tree -l 8c424fff96545e8b23b19f295ff74f2ab9e0709e -- package-lock.json [26ms]
2025-05-24 17:56:10.772 [info] > git ls-tree -l 8c424fff96545e8b23b19f295ff74f2ab9e0709e -- package-lock.json [29ms]
2025-05-24 17:56:10.773 [info] > git ls-tree -l 1f71f542737fbb4dba015d45d24bfecb0e8d5fb7 -- package-lock.json [32ms]
2025-05-24 17:56:25.093 [info] > git ls-tree -l 1f71f542737fbb4dba015d45d24bfecb0e8d5fb7 -- package-lock.json [52ms]
2025-05-24 17:56:25.094 [info] > git ls-tree -l 8c424fff96545e8b23b19f295ff74f2ab9e0709e -- package-lock.json [52ms]
2025-05-24 17:57:02.365 [info] > git for-each-ref --format=%(refname)%00%(upstream:short)%00%(objectname)%00%(upstream:track)%00%(upstream:remotename)%00%(upstream:remoteref) --ignore-case refs/heads/main refs/remotes/main [70ms]
2025-05-24 17:57:02.379 [info] > git for-each-ref --sort -committerdate --format %(refname)%00%(objectname)%00%(*objectname) [12ms]
2025-05-24 17:57:02.387 [info] > git status -z -uall [20ms]
2025-05-24 17:57:07.520 [info] > git for-each-ref --format=%(refname)%00%(upstream:short)%00%(objectname)%00%(upstream:track)%00%(upstream:remotename)%00%(upstream:remoteref) --ignore-case refs/heads/main refs/remotes/main [31ms]
2025-05-24 17:57:07.533 [info] > git for-each-ref --sort -committerdate --format %(refname)%00%(objectname)%00%(*objectname) [12ms]
2025-05-24 17:57:07.535 [info] > git status -z -uall [14ms]
2025-05-24 17:57:21.449 [info] > git diff --name-status -z --diff-filter=ADMR 1f71f542737fbb4dba015d45d24bfecb0e8d5fb7 [35ms]
2025-05-24 17:57:24.818 [info] > git ls-tree -l 1f71f542737fbb4dba015d45d24bfecb0e8d5fb7 -- package-lock.json [33ms]
2025-05-24 17:57:24.820 [info] > git ls-tree -l 8c424fff96545e8b23b19f295ff74f2ab9e0709e -- package-lock.json [34ms]
2025-05-24 17:57:28.683 [info] > git -c user.useConfigOnly=true commit --quiet --allow-empty-message --file - [17ms]
2025-05-24 17:57:28.683 [info] error: Committing is not possible because you have unmerged files.
hint: Fix them up in the work tree, and then use 'git add/rm <file>'
hint: as appropriate to mark resolution and make a commit.
fatal: Exiting because of an unresolved conflict.
2025-05-24 17:57:28.729 [info] > git for-each-ref --format=%(refname)%00%(upstream:short)%00%(objectname)%00%(upstream:track)%00%(upstream:remotename)%00%(upstream:remoteref) --ignore-case refs/heads/main refs/remotes/main [45ms]
2025-05-24 17:57:28.742 [info] > git for-each-ref --sort -committerdate --format %(refname)%00%(objectname)%00%(*objectname) [11ms]
2025-05-24 17:57:28.748 [info] > git status -z -uall [18ms]
2025-05-24 17:57:43.086 [info] > git show -s --decorate=full --shortstat --format=%H%n%aN%n%aE%n%at%n%ct%n%P%n%D%n%B -z HEAD -- [36ms]
2025-05-24 17:57:43.088 [info] > git show -s --decorate=full --shortstat --format=%H%n%aN%n%aE%n%at%n%ct%n%P%n%D%n%B -z MERGE_HEAD -- [36ms]
2025-05-24 17:57:43.104 [info] > git diff --name-status -z --diff-filter=ADMR MERGE_HEAD...HEAD [51ms]
2025-05-24 17:57:50.645 [info] > git blame --root --incremental 1f71f542737fbb4dba015d45d24bfecb0e8d5fb7 -- package.json [38ms]
2025-05-24 17:58:14.618 [info] > git ls-tree -l 1f71f542737fbb4dba015d45d24bfecb0e8d5fb7 -- package.json [31ms]
2025-05-24 17:58:14.619 [info] > git ls-tree -l 8c424fff96545e8b23b19f295ff74f2ab9e0709e -- package.json [30ms]
2025-05-24 17:58:26.364 [info] > git ls-tree -l 8c424fff96545e8b23b19f295ff74f2ab9e0709e -- package.json [64ms]
2025-05-24 17:58:26.364 [info] > git ls-tree -l 1f71f542737fbb4dba015d45d24bfecb0e8d5fb7 -- package.json [66ms]
2025-05-24 17:58:28.454 [info] > git blame --root --incremental 8c424fff96545e8b23b19f295ff74f2ab9e0709e -- package.json [24ms]
2025-05-24 17:58:50.820 [info] > git ls-tree -l 8c424fff96545e8b23b19f295ff74f2ab9e0709e -- package.json [33ms]
2025-05-24 17:58:50.821 [info] > git ls-tree -l 1f71f542737fbb4dba015d45d24bfecb0e8d5fb7 -- package.json [38ms]
2025-05-24 17:58:57.707 [info] > git -c user.useConfigOnly=true commit --quiet --allow-empty-message --file - [35ms]
2025-05-24 17:58:57.707 [info] error: Committing is not possible because you have unmerged files.
hint: Fix them up in the work tree, and then use 'git add/rm <file>'
hint: as appropriate to mark resolution and make a commit.
fatal: Exiting because of an unresolved conflict.
2025-05-24 17:58:57.761 [info] > git for-each-ref --format=%(refname)%00%(upstream:short)%00%(objectname)%00%(upstream:track)%00%(upstream:remotename)%00%(upstream:remoteref) --ignore-case refs/heads/main refs/remotes/main [51ms]
2025-05-24 17:58:57.773 [info] > git for-each-ref --sort -committerdate --format %(refname)%00%(objectname)%00%(*objectname) [11ms]
2025-05-24 17:58:57.780 [info] > git status -z -uall [18ms]
